生成启动时间为 1/18/2018 2:43:20 PM。
     1>项目“C:\Users\kyangx088571\Desktop\software\git\Projects\C++\tinyxml\tinyxmlSTL.vcxproj”在节点 3 上(build 个目标)。
     1>InitializeBuildStatus:
         正在创建“C:\Users\kyangx088571\Desktop\software\git\Projects\C++\tinyxml\DebugtinyxmlSTL\tinyxmlSTL.unsuccessfulbuild”，因为已指定“AlwaysCreate”。
       ClCompile:
         C:\Program Files (x86)\Microsoft Visual Studio 10.0\VC\bin\CL.exe /c /ZI /nologo /W4 /WX- /Od /Oy- /D WIN32 /D _DEBUG /D _LIB /D TIXML_USE_STL /D _VC80_UPGRADE=0x0600 /D _MBCS /Gm /EHsc /RTC1 /MTd /GS /fp:precise /Zc:wchar_t /Zc:forScope /Fo"C:\Users\kyangx088571\Desktop\software\git\Projects\C++\tinyxml\DebugtinyxmlSTL\\" /Fd"C:\Users\kyangx088571\Desktop\software\git\Projects\C++\tinyxml\DebugtinyxmlSTL\vc100.pdb" /FR"C:\Users\kyangx088571\Desktop\software\git\Projects\C++\tinyxml\DebugtinyxmlSTL\\" /Gd /TP /analyze- /errorReport:prompt tinystr.cpp tinyxml.cpp tinyxmlerror.cpp tinyxmlparser.cpp
         tinyxmlparser.cpp
         tinyxmlerror.cpp
         tinyxml.cpp
         tinystr.cpp
         正在生成代码...
       Lib:
         C:\Program Files (x86)\Microsoft Visual Studio 10.0\VC\bin\Lib.exe /OUT:"C:\Users\kyangx088571\Desktop\software\git\Projects\C++\tinyxml\DebugtinyxmlSTL\tinyxmlSTL.lib" /NOLOGO C:\Users\kyangx088571\Desktop\software\git\Projects\C++\tinyxml\DebugtinyxmlSTL\tinystr.obj
         C:\Users\kyangx088571\Desktop\software\git\Projects\C++\tinyxml\DebugtinyxmlSTL\tinyxml.obj
         C:\Users\kyangx088571\Desktop\software\git\Projects\C++\tinyxml\DebugtinyxmlSTL\tinyxmlerror.obj
         C:\Users\kyangx088571\Desktop\software\git\Projects\C++\tinyxml\DebugtinyxmlSTL\tinyxmlparser.obj
         tinyxmlSTL.vcxproj -> C:\Users\kyangx088571\Desktop\software\git\Projects\C++\tinyxml\DebugtinyxmlSTL\tinyxmlSTL.lib
       BscMake:
         C:\Program Files (x86)\Microsoft Visual Studio 10.0\VC\bin\bscmake.exe /nologo /o"C:\Users\kyangx088571\Desktop\software\git\Projects\C++\tinyxml\DebugtinyxmlSTL\tinyxmlSTL.bsc" C:\Users\kyangx088571\Desktop\software\git\Projects\C++\tinyxml\DebugtinyxmlSTL\tinystr.sbr C:\Users\kyangx088571\Desktop\software\git\Projects\C++\tinyxml\DebugtinyxmlSTL\tinyxml.sbr C:\Users\kyangx088571\Desktop\software\git\Projects\C++\tinyxml\DebugtinyxmlSTL\tinyxmlerror.sbr C:\Users\kyangx088571\Desktop\software\git\Projects\C++\tinyxml\DebugtinyxmlSTL\tinyxmlparser.sbr
       FinalizeBuildStatus:
         正在删除文件“C:\Users\kyangx088571\Desktop\software\git\Projects\C++\tinyxml\DebugtinyxmlSTL\tinyxmlSTL.unsuccessfulbuild”。
         正在对“C:\Users\kyangx088571\Desktop\software\git\Projects\C++\tinyxml\DebugtinyxmlSTL\tinyxmlSTL.lastbuildstate”执行 Touch 任务。
     1>已完成生成项目“C:\Users\kyangx088571\Desktop\software\git\Projects\C++\tinyxml\tinyxmlSTL.vcxproj”(build 个目标)的操作。

生成成功。

已用时间 00:00:04.32
