生成启动时间为 1/18/2018 3:10:43 PM。
     1>项目“C:\Users\kyangx088571\Desktop\software\git\Projects\C++\tinyxml\tinyxml_lib.vcxproj”在节点 2 上(rebuild 个目标)。
     1>_PrepareForClean:
         正在删除文件“C:\Users\kyangx088571\Desktop\software\git\Projects\C++\tinyxml\Debugtinyxml\tinyxml.lastbuildstate”。
       InitializeBuildStatus:
         正在创建“C:\Users\kyangx088571\Desktop\software\git\Projects\C++\tinyxml\Debugtinyxml\tinyxml.unsuccessfulbuild”，因为已指定“AlwaysCreate”。
       ClCompile:
         C:\Program Files (x86)\Microsoft Visual Studio 10.0\VC\bin\CL.exe /c /ZI /nologo /W4 /WX- /Od /Oy- /D WIN32 /D _DEBUG /D _LIB /D _VC80_UPGRADE=0x0600 /D _MBCS /Gm /EHsc /RTC1 /MTd /GS /fp:precise /Zc:wchar_t /Zc:forScope /Fo"C:\Users\kyangx088571\Desktop\software\git\Projects\C++\tinyxml\Debugtinyxml\\" /Fd"C:\Users\kyangx088571\Desktop\software\git\Projects\C++\tinyxml\Debugtinyxml\vc100.pdb" /FR"C:\Users\kyangx088571\Desktop\software\git\Projects\C++\tinyxml\Debugtinyxml\\" /Gd /TP /analyze- /errorReport:prompt tinystr.cpp tinyxml.cpp tinyxmlerror.cpp tinyxmlparser.cpp
         tinyxmlparser.cpp
         tinyxmlerror.cpp
         tinyxml.cpp
         tinystr.cpp
         正在生成代码...
       Lib:
         C:\Program Files (x86)\Microsoft Visual Studio 10.0\VC\bin\Lib.exe /OUT:"C:\Users\kyangx088571\Desktop\software\git\Projects\C++\tinyxml\Debugtinyxml\tinyxml.lib" /NOLOGO C:\Users\kyangx088571\Desktop\software\git\Projects\C++\tinyxml\Debugtinyxml\tinystr.obj
         C:\Users\kyangx088571\Desktop\software\git\Projects\C++\tinyxml\Debugtinyxml\tinyxml.obj
         C:\Users\kyangx088571\Desktop\software\git\Projects\C++\tinyxml\Debugtinyxml\tinyxmlerror.obj
         C:\Users\kyangx088571\Desktop\software\git\Projects\C++\tinyxml\Debugtinyxml\tinyxmlparser.obj
         tinyxml_lib.vcxproj -> C:\Users\kyangx088571\Desktop\software\git\Projects\C++\tinyxml\Debugtinyxml\tinyxml.lib
       BscMake:
         C:\Program Files (x86)\Microsoft Visual Studio 10.0\VC\bin\bscmake.exe /nologo /o"C:\Users\kyangx088571\Desktop\software\git\Projects\C++\tinyxml\Debugtinyxml\tinyxml.bsc" C:\Users\kyangx088571\Desktop\software\git\Projects\C++\tinyxml\Debugtinyxml\tinystr.sbr C:\Users\kyangx088571\Desktop\software\git\Projects\C++\tinyxml\Debugtinyxml\tinyxml.sbr C:\Users\kyangx088571\Desktop\software\git\Projects\C++\tinyxml\Debugtinyxml\tinyxmlerror.sbr C:\Users\kyangx088571\Desktop\software\git\Projects\C++\tinyxml\Debugtinyxml\tinyxmlparser.sbr
       FinalizeBuildStatus:
         正在删除文件“C:\Users\kyangx088571\Desktop\software\git\Projects\C++\tinyxml\Debugtinyxml\tinyxml.unsuccessfulbuild”。
         正在对“C:\Users\kyangx088571\Desktop\software\git\Projects\C++\tinyxml\Debugtinyxml\tinyxml.lastbuildstate”执行 Touch 任务。
     1>已完成生成项目“C:\Users\kyangx088571\Desktop\software\git\Projects\C++\tinyxml\tinyxml_lib.vcxproj”(rebuild 个目标)的操作。

生成成功。

已用时间 00:00:00.77
