C:\Users\kyangx088571\Desktop\software\git\Projects\C++\tinyxml\Debugtinyxml\BscMake.command.1.tlog
C:\Users\kyangx088571\Desktop\software\git\Projects\C++\tinyxml\Debugtinyxml\bscmake.read.1.tlog
C:\Users\kyangx088571\Desktop\software\git\Projects\C++\tinyxml\Debugtinyxml\bscmake.write.1.tlog
C:\Users\kyangx088571\Desktop\software\git\Projects\C++\tinyxml\Debugtinyxml\cl.command.1.tlog
C:\Users\kyangx088571\Desktop\software\git\Projects\C++\tinyxml\Debugtinyxml\CL.read.1.tlog
C:\Users\kyangx088571\Desktop\software\git\Projects\C++\tinyxml\Debugtinyxml\CL.write.1.tlog
C:\Users\kyangx088571\Desktop\software\git\Projects\C++\tinyxml\Debugtinyxml\lib.command.1.tlog
C:\Users\kyangx088571\Desktop\software\git\Projects\C++\tinyxml\Debugtinyxml\Lib-link.read.1.tlog
C:\Users\kyangx088571\Desktop\software\git\Projects\C++\tinyxml\Debugtinyxml\Lib-link.write.1.tlog
C:\USERS\KYANGX088571\DESKTOP\SOFTWARE\GIT\PROJECTS\C++\TINYXML\DEBUGTINYXML\TINYSTR.OBJ
C:\USERS\KYANGX088571\DESKTOP\SOFTWARE\GIT\PROJECTS\C++\TINYXML\DEBUGTINYXML\TINYSTR.SBR
C:\USERS\KYANGX088571\DESKTOP\SOFTWARE\GIT\PROJECTS\C++\TINYXML\DEBUGTINYXML\TINYXML.BSC
C:\USERS\KYANGX088571\DESKTOP\SOFTWARE\GIT\PROJECTS\C++\TINYXML\DEBUGTINYXML\TINYXML.LIB
C:\USERS\KYANGX088571\DESKTOP\SOFTWARE\GIT\PROJECTS\C++\TINYXML\DEBUGTINYXML\TINYXML.OBJ
C:\USERS\KYANGX088571\DESKTOP\SOFTWARE\GIT\PROJECTS\C++\TINYXML\DEBUGTINYXML\TINYXML.SBR
C:\Users\kyangx088571\Desktop\software\git\Projects\C++\tinyxml\Debugtinyxml\tinyxml.write.1.tlog
C:\Users\kyangx088571\Desktop\software\git\Projects\C++\tinyxml\Debugtinyxml\tinyxml_lib.vcxprojResolveAssemblyReference.cache
C:\USERS\KYANGX088571\DESKTOP\SOFTWARE\GIT\PROJECTS\C++\TINYXML\DEBUGTINYXML\TINYXMLERROR.OBJ
C:\USERS\KYANGX088571\DESKTOP\SOFTWARE\GIT\PROJECTS\C++\TINYXML\DEBUGTINYXML\TINYXMLERROR.SBR
C:\USERS\KYANGX088571\DESKTOP\SOFTWARE\GIT\PROJECTS\C++\TINYXML\DEBUGTINYXML\TINYXMLPARSER.OBJ
C:\USERS\KYANGX088571\DESKTOP\SOFTWARE\GIT\PROJECTS\C++\TINYXML\DEBUGTINYXML\TINYXMLPARSER.SBR
C:\Users\kyangx088571\Desktop\software\git\Projects\C++\tinyxml\Debugtinyxml\vc100.idb
C:\USERS\KYANGX088571\DESKTOP\SOFTWARE\GIT\PROJECTS\C++\TINYXML\DEBUGTINYXML\VC100.PDB
